<test-results name="DistroNexus.TemplateAutomation" total="15" failures="0" not-run="0"><test-suite name="DistroNexus.TemplateAutomation"><test-case name="dotnet-dev" executed="true" success="true" /><test-case name="nodejs-dev" executed="true" success="true" /><test-case name="python-dev" executed="true" success="true" /><test-case name="docker-dev" executed="true" success="true" /><test-case name="fullstack-dev" executed="true" success="true" /><test-case name="dotnet-multi-sdk-dev" executed="true" success="true" /><test-case name="nodejs-multi-version-dev" executed="true" success="true" /><test-case name="python-multi-version-dev" executed="true" success="true" /><test-case name="java-jvm-dev" executed="true" success="true" /><test-case name="rust-dev" executed="true" success="true" /><test-case name="go-dev" executed="true" success="true" /><test-case name="container-runtime-dev" executed="true" success="true" /><test-case name="kubernetes-local-dev" executed="true" success="true" /><test-case name="database-local-stack" executed="true" success="true" /><test-case name="ai-ml-gpu-dev" executed="true" success="true" /></test-suite></test-results>
